<?xml version="1.0" encoding="UTF-8"?>
<testng-results ignored="0" total="4" passed="4" failed="0" skipped="0">
  <reporter-output>
    <line>
      <![CDATA[login successfully executed]]>
    </line>
    <line>
      <![CDATA[<a target="_blank" href=D:\SeleniumProject\framework\target\surefire-reports\html\error20220226191934.jpg>Screenshot</a>]]>
    </line>
    <line>
      <![CDATA[login successfully executed]]>
    </line>
    <line>
      <![CDATA[<a target="_blank" href=D:\SeleniumProject\framework\target\surefire-reports\html\error20220226191939.jpg>Screenshot</a>]]>
    </line>
    <line>
      <![CDATA[login successfully executed]]>
    </line>
    <line>
      <![CDATA[<a target="_blank" href=D:\SeleniumProject\framework\target\surefire-reports\html\error20220226191943.jpg>Screenshot</a>]]>
    </line>
    <line>
      <![CDATA[login successfully executed]]>
    </line>
    <line>
      <![CDATA[<a target="_blank" href=D:\SeleniumProject\framework\target\surefire-reports\html\error20220226191950.jpg>Screenshot</a>]]>
    </line>
  </reporter-output>
  <suite started-at="2022-02-27T00:19:31Z" name="Data driven basics" finished-at="2022-02-27T00:19:50Z" duration-ms="19356">
    <groups>
    </groups>
    <test started-at="2022-02-27T00:19:31Z" name="LoginTest" finished-at="2022-02-27T00:19:34Z" duration-ms="2889">
      <class name="testcases.BankManagerLoginTest">
        <test-method signature="loginAsBankManager()[pri:0, instance:testcases.BankManagerLoginTest@6f95cd51]" started-at="2022-02-27T00:19:31Z" name="loginAsBankManager" finished-at="2022-02-27T00:19:33Z" duration-ms="2580" status="PASS">
          <reporter-output>
            <line>
              <![CDATA[login successfully executed]]>
            </line>
            <line>
              <![CDATA[<a target="_blank" href=D:\SeleniumProject\framework\target\surefire-reports\html\error20220226191934.jpg>Screenshot</a>]]>
            </line>
          </reporter-output>
        </test-method> <!-- loginAsBankManager -->
      </class> <!-- testcases.BankManagerLoginTest -->
    </test> <!-- LoginTest -->
    <test started-at="2022-02-27T00:19:34Z" name="Add Customer Test" finished-at="2022-02-27T00:19:43Z" duration-ms="9553">
      <class name="testcases.AddCustomerTest">
        <test-method signature="addCustomerTest(java.lang.String, java.lang.String, java.lang.String, java.lang.String)[pri:0, instance:testcases.AddCustomerTest@7de4a01f]" started-at="2022-02-27T00:19:34Z" name="addCustomerTest" data-provider="getData" finished-at="2022-02-27T00:19:39Z" duration-ms="4734" status="PASS">
          <params>
            <param index="0">
              <value>
                <![CDATA[Rahul]]>
              </value>
            </param>
            <param index="1">
              <value>
                <![CDATA[Arora]]>
              </value>
            </param>
            <param index="2">
              <value>
                <![CDATA[A23wd]]>
              </value>
            </param>
            <param index="3">
              <value>
                <![CDATA[Customer added successfully]]>
              </value>
            </param>
          </params>
          <reporter-output>
            <line>
              <![CDATA[login successfully executed]]>
            </line>
            <line>
              <![CDATA[<a target="_blank" href=D:\SeleniumProject\framework\target\surefire-reports\html\error20220226191939.jpg>Screenshot</a>]]>
            </line>
          </reporter-output>
        </test-method> <!-- addCustomerTest -->
        <test-method signature="addCustomerTest(java.lang.String, java.lang.String, java.lang.String, java.lang.String)[pri:0, instance:testcases.AddCustomerTest@7de4a01f]" started-at="2022-02-27T00:19:39Z" name="addCustomerTest" data-provider="getData" finished-at="2022-02-27T00:19:43Z" duration-ms="4267" status="PASS">
          <params>
            <param index="0">
              <value>
                <![CDATA[Naman]]>
              </value>
            </param>
            <param index="1">
              <value>
                <![CDATA[Gupta]]>
              </value>
            </param>
            <param index="2">
              <value>
                <![CDATA[N23wd]]>
              </value>
            </param>
            <param index="3">
              <value>
                <![CDATA[Customer added successfully]]>
              </value>
            </param>
          </params>
          <reporter-output>
            <line>
              <![CDATA[login successfully executed]]>
            </line>
            <line>
              <![CDATA[<a target="_blank" href=D:\SeleniumProject\framework\target\surefire-reports\html\error20220226191943.jpg>Screenshot</a>]]>
            </line>
          </reporter-output>
        </test-method> <!-- addCustomerTest -->
      </class> <!-- testcases.AddCustomerTest -->
    </test> <!-- Add Customer Test -->
    <test started-at="2022-02-27T00:19:43Z" name="Open Account Test" finished-at="2022-02-27T00:19:50Z" duration-ms="6646">
      <class name="testcases.OpenAccountTest">
        <test-method is-config="true" signature="setUp()[pri:0, instance:testcases.OpenAccountTest@304b9f1a]" started-at="2022-02-27T00:19:22Z" name="setUp" finished-at="2022-02-27T00:19:31Z" duration-ms="8446" status="PASS">
          <reporter-output>
          </reporter-output>
        </test-method> <!-- setUp -->
        <test-method signature="openAccountTest(java.lang.String, java.lang.String)[pri:0, instance:testcases.OpenAccountTest@304b9f1a]" started-at="2022-02-27T00:19:43Z" name="openAccountTest" data-provider="getData" finished-at="2022-02-27T00:19:50Z" duration-ms="6379" status="PASS">
          <params>
            <param index="0">
              <value>
                <![CDATA[Harry]]>
              </value>
            </param>
            <param index="1">
              <value>
                <![CDATA[Rupee]]>
              </value>
            </param>
          </params>
          <reporter-output>
            <line>
              <![CDATA[login successfully executed]]>
            </line>
            <line>
              <![CDATA[<a target="_blank" href=D:\SeleniumProject\framework\target\surefire-reports\html\error20220226191950.jpg>Screenshot</a>]]>
            </line>
          </reporter-output>
        </test-method> <!-- openAccountTest -->
        <test-method is-config="true" signature="tearDown()[pri:0, instance:testcases.OpenAccountTest@304b9f1a]" started-at="2022-02-27T00:19:50Z" name="tearDown" finished-at="2022-02-27T00:19:51Z" duration-ms="613" status="PASS">
          <reporter-output>
          </reporter-output>
        </test-method> <!-- tearDown -->
      </class> <!-- testcases.OpenAccountTest -->
    </test> <!-- Open Account Test -->
  </suite> <!-- Data driven basics -->
</testng-results>
