<?xml version="1.0" encoding="UTF-8"?>
<testng-results ignored="0" total="4" passed="4" failed="0" skipped="0">
  <reporter-output>
    <line>
      <![CDATA[login successfully executed]]>
    </line>
    <line>
      <![CDATA[<a target="_blank" href=D:\SeleniumProject\framework\target\surefire-reports\html\error20220226154516.jpg>Screenshot</a>]]>
    </line>
    <line>
      <![CDATA[login successfully executed]]>
    </line>
    <line>
      <![CDATA[<a target="_blank" href=D:\SeleniumProject\framework\target\surefire-reports\html\error20220226154521.jpg>Screenshot</a>]]>
    </line>
    <line>
      <![CDATA[login successfully executed]]>
    </line>
    <line>
      <![CDATA[<a target="_blank" href=D:\SeleniumProject\framework\target\surefire-reports\html\error20220226154526.jpg>Screenshot</a>]]>
    </line>
    <line>
      <![CDATA[login successfully executed]]>
    </line>
    <line>
      <![CDATA[<a target="_blank" href=D:\SeleniumProject\framework\target\surefire-reports\html\error20220226154532.jpg>Screenshot</a>]]>
    </line>
  </reporter-output>
  <suite started-at="2022-02-26T20:45:13Z" name="Data driven basics" finished-at="2022-02-26T20:45:32Z" duration-ms="19100">
    <groups>
    </groups>
    <test started-at="2022-02-26T20:45:13Z" name="LoginTest" finished-at="2022-02-26T20:45:16Z" duration-ms="2914">
      <class name="testcases.BankManagerLoginTest">
        <test-method signature="loginAsBankManager()[pri:0, instance:testcases.BankManagerLoginTest@d400943]" started-at="2022-02-26T20:45:13Z" name="loginAsBankManager" finished-at="2022-02-26T20:45:16Z" duration-ms="2622" status="PASS">
          <reporter-output>
            <line>
              <![CDATA[login successfully executed]]>
            </line>
            <line>
              <![CDATA[<a target="_blank" href=D:\SeleniumProject\framework\target\surefire-reports\html\error20220226154516.jpg>Screenshot</a>]]>
            </line>
          </reporter-output>
        </test-method> <!-- loginAsBankManager -->
      </class> <!-- testcases.BankManagerLoginTest -->
    </test> <!-- LoginTest -->
    <test started-at="2022-02-26T20:45:16Z" name="Add Customer Test" finished-at="2022-02-26T20:45:26Z" duration-ms="9349">
      <class name="testcases.AddCustomerTest">
        <test-method signature="addCustomerTest(java.lang.String, java.lang.String, java.lang.String, java.lang.String)[pri:0, instance:testcases.AddCustomerTest@17ca8b92]" started-at="2022-02-26T20:45:16Z" name="addCustomerTest" data-provider="getData" finished-at="2022-02-26T20:45:21Z" duration-ms="4624" status="PASS">
          <params>
            <param index="0">
              <value>
                <![CDATA[Rahul]]>
              </value>
            </param>
            <param index="1">
              <value>
                <![CDATA[Arora]]>
              </value>
            </param>
            <param index="2">
              <value>
                <![CDATA[A23wd]]>
              </value>
            </param>
            <param index="3">
              <value>
                <![CDATA[Customer added successfully]]>
              </value>
            </param>
          </params>
          <reporter-output>
            <line>
              <![CDATA[login successfully executed]]>
            </line>
            <line>
              <![CDATA[<a target="_blank" href=D:\SeleniumProject\framework\target\surefire-reports\html\error20220226154521.jpg>Screenshot</a>]]>
            </line>
          </reporter-output>
        </test-method> <!-- addCustomerTest -->
        <test-method signature="addCustomerTest(java.lang.String, java.lang.String, java.lang.String, java.lang.String)[pri:0, instance:testcases.AddCustomerTest@17ca8b92]" started-at="2022-02-26T20:45:21Z" name="addCustomerTest" data-provider="getData" finished-at="2022-02-26T20:45:25Z" duration-ms="4178" status="PASS">
          <params>
            <param index="0">
              <value>
                <![CDATA[Naman]]>
              </value>
            </param>
            <param index="1">
              <value>
                <![CDATA[Gupta]]>
              </value>
            </param>
            <param index="2">
              <value>
                <![CDATA[N23wd]]>
              </value>
            </param>
            <param index="3">
              <value>
                <![CDATA[Customer added successfully]]>
              </value>
            </param>
          </params>
          <reporter-output>
            <line>
              <![CDATA[login successfully executed]]>
            </line>
            <line>
              <![CDATA[<a target="_blank" href=D:\SeleniumProject\framework\target\surefire-reports\html\error20220226154526.jpg>Screenshot</a>]]>
            </line>
          </reporter-output>
        </test-method> <!-- addCustomerTest -->
      </class> <!-- testcases.AddCustomerTest -->
    </test> <!-- Add Customer Test -->
    <test started-at="2022-02-26T20:45:26Z" name="Open Account Test" finished-at="2022-02-26T20:45:32Z" duration-ms="6622">
      <class name="testcases.OpenAccountTest">
        <test-method is-config="true" signature="setUp()[pri:0, instance:testcases.OpenAccountTest@30feffc]" started-at="2022-02-26T20:45:05Z" name="setUp" finished-at="2022-02-26T20:45:13Z" duration-ms="7617" status="PASS">
          <reporter-output>
          </reporter-output>
        </test-method> <!-- setUp -->
        <test-method signature="openAccountTest(java.lang.String, java.lang.String)[pri:0, instance:testcases.OpenAccountTest@30feffc]" started-at="2022-02-26T20:45:26Z" name="openAccountTest" data-provider="getData" finished-at="2022-02-26T20:45:32Z" duration-ms="6241" status="PASS">
          <params>
            <param index="0">
              <value>
                <![CDATA[Harry]]>
              </value>
            </param>
            <param index="1">
              <value>
                <![CDATA[Rupee]]>
              </value>
            </param>
          </params>
          <reporter-output>
            <line>
              <![CDATA[login successfully executed]]>
            </line>
            <line>
              <![CDATA[<a target="_blank" href=D:\SeleniumProject\framework\target\surefire-reports\html\error20220226154532.jpg>Screenshot</a>]]>
            </line>
          </reporter-output>
        </test-method> <!-- openAccountTest -->
        <test-method is-config="true" signature="tearDown()[pri:0, instance:testcases.OpenAccountTest@30feffc]" started-at="2022-02-26T20:45:32Z" name="tearDown" finished-at="2022-02-26T20:45:33Z" duration-ms="616" status="PASS">
          <reporter-output>
          </reporter-output>
        </test-method> <!-- tearDown -->
      </class> <!-- testcases.OpenAccountTest -->
    </test> <!-- Open Account Test -->
  </suite> <!-- Data driven basics -->
</testng-results>
